<?xml version="1.0" encoding="UTF-8"?>
<testsuite xmlns:xsi="http://www.w3.org/2001/XMLSchema-instance" xsi:noNamespaceSchemaLocation="https://maven.apache.org/surefire/maven-surefire-plugin/xsd/surefire-test-report-3.0.xsd" version="3.0" name="at.mediaRatingsPlatform.test.TokenUtilTest" time="0.4" tests="4" errors="0" skipped="0" failures="0">
  <properties>
[...]
</properties>
  <testcase name="generateJwt_shouldReturnNonEmptyToken" classname="at.mediaRatingsPlatform.test.TokenUtilTest" time="0.348"/>
  <testcase name="parseJwt_shouldThrowForInvalidToken" classname="at.mediaRatingsPlatform.test.TokenUtilTest" time="0.018"/>
  <testcase name="parseJwt_shouldThrowForMalformedUuidSubject" classname="at.mediaRatingsPlatform.test.TokenUtilTest" time="0.0"/>
  <testcase name="parseJwt_shouldReturnSameUserId" classname="at.mediaRatingsPlatform.test.TokenUtilTest" time="0.027"/>
</testsuite>